2021-04-15 10:59:52 +0000 [MT] Initial pipeline context: <IDEDistributionProcessingPipelineContext: 0x7fa93989a4f0; archive(resolved)='<IDEArchive: 0x7fa939cd3620>', distributionTask(resolved)='2', distributionDestination(resolved)='1', distributionMethod(resolved)='<IDEDistributionMethodDevelopmentSigned: 0x7fa939a70570>', team(resolved)='<IDEProvisioningBasicTeam: 0x7fa939e2e3f0; teamID='8JEAL74THQ', teamName='(null)'>'>
	Chain (13, self inclusive):
	<IDEDistributionProcessingPipelineContext: 0x7fa93989a4f0; archive = '<IDEArchive: 0x7fa939cd3620>', distributionMethod='<IDEDistributionMethodDevelopmentSigned: 0x7fa939a70570>', team='<IDEProvisioningBasicTeam: 0x7fa939e2e3f0; teamID='8JEAL74THQ', teamName='(null)'>'>
	<IDEDistributionProcessingPipelineContext: 0x7fa9398a22a0; archive = '<IDEArchive: 0x7fa939cd3620>', distributionMethod='<IDEDistributionMethodDevelopmentSigned: 0x7fa939a70570>', team='<IDEProvisioningBasicTeam: 0x7fa939e2e3f0; teamID='8JEAL74THQ', teamName='(null)'>'>
	<IDEDistributionContext: 0x7fa93989d180; archive = '<IDEArchive: 0x7fa939cd3620>', distributionMethod='<IDEDistributionMethodDevelopmentSigned: 0x7fa939a70570>', team='<IDEProvisioningBasicTeam: 0x7fa939e2e3f0; teamID='8JEAL74THQ', teamName='(null)'>'>
	<IDEDistributionContext: 0x7fa937ad8f40; archive = '<IDEArchive: 0x7fa939cd3620>', distributionMethod='<IDEDistributionMethodDevelopmentSigned: 0x7fa939a70570>', team='<IDEProvisioningBasicTeam: 0x7fa939e2e3f0; teamID='8JEAL74THQ', teamName='(null)'>'>
	<IDEDistributionContext: 0x7fa937ad7530; archive = '<IDEArchive: 0x7fa939cd3620>', distributionMethod='<IDEDistributionMethodDevelopmentSigned: 0x7fa939a70570>', team='<IDEProvisioningBasicTeam: 0x7fa939e2e3f0; teamID='8JEAL74THQ', teamName='(null)'>'>
	<IDEDistributionContext: 0x7fa937abd040; archive = '<IDEArchive: 0x7fa939cd3620>', distributionMethod='<IDEDistributionMethodDevelopmentSigned: 0x7fa939a70570>', team='<IDEProvisioningBasicTeam: 0x7fa939e2e3f0; teamID='8JEAL74THQ', teamName='(null)'>'>
	<IDEDistributionContext: 0x7fa939e452d0; archive = '<IDEArchive: 0x7fa939cd3620>', distributionMethod='<IDEDistributionMethodDevelopmentSigned: 0x7fa939a70570>', team='<IDEProvisioningBasicTeam: 0x7fa939e2e3f0; teamID='8JEAL74THQ', teamName='(null)'>'>
	<IDEDistributionContext: 0x7fa939ae9a10; archive = '<IDEArchive: 0x7fa939cd3620>', distributionMethod='<IDEDistributionMethodDevelopmentSigned: 0x7fa939a70570>', team='<IDEProvisioningBasicTeam: 0x7fa939e2e3f0; teamID='8JEAL74THQ', teamName='(null)'>'>
	<IDEDistributionContext: 0x7fa939a7b390; archive = '<IDEArchive: 0x7fa939cd3620>', distributionMethod='<IDEDistributionMethodDevelopmentSigned: 0x7fa939a70570>', team='<IDEProvisioningBasicTeam: 0x7fa939e2e3f0; teamID='8JEAL74THQ', teamName='(null)'>'>
	<IDEDistributionContext: 0x7fa939a79330; archive = '<IDEArchive: 0x7fa939cd3620>', distributionMethod='<IDEDistributionMethodDevelopmentSigned: 0x7fa939a70570>', team='(null)'>
	<IDEDistributionContext: 0x7fa939a5c440; archive = '<IDEArchive: 0x7fa939cd3620>', distributionMethod='<IDEDistributionMethodDevelopmentSigned: 0x7fa939a70570>', team='(null)'>
	<IDEDistributionContext: 0x7fa939a22ed0; archive = '<IDEArchive: 0x7fa939cd3620>', distributionMethod='<IDEDistributionMethodDevelopmentSigned: 0x7fa939a70570>', team='(null)'>
	<IDEDistributionContext: 0x7fa939cd3b30; archive = '<IDEArchive: 0x7fa939cd3620>', distributionMethod='(null)', team='(null)'>
</IDEDistributionProcessingPipelineContext: 0x7fa93989a4f0>
2021-04-15 10:59:52 +0000 [MT] Processing step: IDEDistributionCreateDestRootStep
2021-04-15 10:59:52 +0000 [MT] Processing step: IDEDistributionCopyItemStep
2021-04-15 10:59:52 +0000 [MT] Running /usr/bin/ditto '-V' '/Users/mac/Desktop/project/AppicQATestDemo/4++/AppicAdDemo/proj_pod/build/KATrackingAdDemo.xcarchive/Products/Applications/KATrackingAdDemo.app' '/var/folders/xw/sp8hm9492kj1gn88ddj3tlym0000gn/T/XcodeDistPipeline.~~~pPPbnF/Root/Payload/KATrackingAdDemo.app'
2021-04-15 10:59:52 +0000  >>> Copying /Users/mac/Desktop/project/AppicQATestDemo/4++/AppicAdDemo/proj_pod/build/KATrackingAdDemo.xcarchive/Products/Applications/KATrackingAdDemo.app 
2021-04-15 10:59:52 +0000  copying file ./_CodeSignature/CodeResources ... 
2021-04-15 10:59:52 +0000  38543 bytes for ./_CodeSignature/CodeResources
2021-04-15 10:59:52 +0000  copying file ./KSAdSDK.bundle/icon_ksad_splash_unmute_h@3x.png ... 
2021-04-15 10:59:52 +0000  3258 bytes for ./KSAdSDK.bundle/icon_ksad_splash_unmute_h@3x.png
copying file ./KSAdSDK.bundle/icon_ksad_dislike_black.png ... 
2021-04-15 10:59:52 +0000  176 bytes for ./KSAdSDK.bundle/icon_ksad_dislike_black.png
copying file ./KSAdSDK.bundle/icon_ksad_splash_mute@2x.png ... 
2021-04-15 10:59:52 +0000  1985 bytes for ./KSAdSDK.bundle/icon_ksad_splash_mute@2x.png
2021-04-15 10:59:52 +0000  copying file ./KSAdSDK.bundle/icon_ksad_pause@2x.png ... 
2021-04-15 10:59:52 +0000  988 bytes for ./KSAdSDK.bundle/icon_ksad_pause@2x.png
2021-04-15 10:59:52 +0000  copying file ./KSAdSDK.bundle/icon_ad_logo_default@2x.png ... 
2021-04-15 10:59:52 +0000  891 bytes for ./KSAdSDK.bundle/icon_ad_logo_default@2x.png
2021-04-15 10:59:52 +0000  copying file ./KSAdSDK.bundle/icon_ksad_sp_logo@3x.png ... 
2021-04-15 10:59:52 +0000  943 bytes for ./KSAdSDK.bundle/icon_ksad_sp_logo@3x.png
2021-04-15 10:59:52 +0000  copying file ./KSAdSDK.bundle/icon_ksad_H5_nav_close_highlight@2x.png ... 
2021-04-15 10:59:52 +0000  237 bytes for ./KSAdSDK.bundle/icon_ksad_H5_nav_close_highlight@2x.png
2021-04-15 10:59:52 +0000  copying file ./KSAdSDK.bundle/icon_ksad_play_small@2x.png ... 
2021-04-15 10:59:52 +0000  293 bytes for ./KSAdSDK.bundle/icon_ksad_play_small@2x.png
2021-04-15 10:59:52 +0000  copying file ./KSAdSDK.bundle/icon_ksad_play_small@3x.png ... 
2021-04-15 10:59:52 +0000  452 bytes for ./KSAdSDK.bundle/icon_ksad_play_small@3x.png
2021-04-15 10:59:52 +0000  copying file ./KSAdSDK.bundle/icon_ksad_H5_nav_close_highlight@3x.png ... 
2021-04-15 10:59:52 +0000  618 bytes for ./KSAdSDK.bundle/icon_ksad_H5_nav_close_highlight@3x.png
2021-04-15 10:59:52 +0000  copying file ./KSAdSDK.bundle/icon_ksad_sp_logo@2x.png ... 
2021-04-15 10:59:52 +0000  521 bytes for ./KSAdSDK.bundle/icon_ksad_sp_logo@2x.png
2021-04-15 10:59:52 +0000  copying file ./KSAdSDK.bundle/icon_ksad_close_white.png ... 
2021-04-15 10:59:52 +0000  167 bytes for ./KSAdSDK.bundle/icon_ksad_close_white.png
2021-04-15 10:59:52 +0000  copying file ./KSAdSDK.bundle/icon_ksad_pause@3x.png ... 
2021-04-15 10:59:52 +0000  1640 bytes for ./KSAdSDK.bundle/icon_ksad_pause@3x.png
2021-04-15 10:59:52 +0000  copying file ./KSAdSDK.bundle/icon_ad_logo_default@3x.png ... 
2021-04-15 10:59:52 +0000  1470 bytes for ./KSAdSDK.bundle/icon_ad_logo_default@3x.png
2021-04-15 10:59:52 +0000  copying file ./KSAdSDK.bundle/icon_ksad_splash_mute@3x.png ... 
2021-04-15 10:59:52 +0000  4185 bytes for ./KSAdSDK.bundle/icon_ksad_splash_mute@3x.png
2021-04-15 10:59:52 +0000  copying file ./KSAdSDK.bundle/icon_ksad_app_icon_default.png ... 
2021-04-15 10:59:52 +0000  3829 bytes for ./KSAdSDK.bundle/icon_ksad_app_icon_default.png
2021-04-15 10:59:52 +0000  copying file ./KSAdSDK.bundle/icon_ksad_star_gray.png ... 
2021-04-15 10:59:52 +0000  325 bytes for ./KSAdSDK.bundle/icon_ksad_star_gray.png
2021-04-15 10:59:52 +0000  copying file ./KSAdSDK.bundle/icon_ksad_splash_unmute_h@2x.png ... 
2021-04-15 10:59:52 +0000  1489 bytes for ./KSAdSDK.bundle/icon_ksad_splash_unmute_h@2x.png
2021-04-15 10:59:52 +0000  copying file ./KSAdSDK.bundle/icon_ksad_star_half@3x.png ... 
2021-04-15 10:59:52 +0000  4120 bytes for ./KSAdSDK.bundle/icon_ksad_star_half@3x.png
2021-04-15 10:59:52 +0000  copying file ./KSAdSDK.bundle/icon_ad_sound@2x.png ... 
2021-04-15 10:59:52 +0000  679 bytes for ./KSAdSDK.bundle/icon_ad_sound@2x.png
2021-04-15 10:59:52 +0000  copying file ./KSAdSDK.bundle/icon_ksad_H5_nav_close_normal@3x.png ... 
2021-04-15 10:59:52 +0000  641 bytes for ./KSAdSDK.bundle/icon_ksad_H5_nav_close_normal@3x.png
2021-04-15 10:59:52 +0000  copying file ./KSAdSDK.bundle/icon_ad_white_right_arrow@2x.png ... 
2021-04-15 10:59:52 +0000  105 bytes for ./KSAdSDK.bundle/icon_ad_white_right_arrow@2x.png
2021-04-15 10:59:52 +0000  copying file ./KSAdSDK.bundle/icon_ksad_zoomOut@2x.png ... 
2021-04-15 10:59:52 +0000  276 bytes for ./KSAdSDK.bundle/icon_ksad_zoomOut@2x.png
copying file ./KSAdSDK.bundle/icon_ksad_IncentiveVideo_playDetailGift@3x.png ... 
2021-04-15 10:59:52 +0000  1696 bytes for ./KSAdSDK.bundle/icon_ksad_IncentiveVideo_playDetailGift@3x.png
2021-04-15 10:59:52 +0000  copying file ./KSAdSDK.bundle/icon_ksad_leftImage_dislike@2x.png ... 
2021-04-15 10:59:52 +0000  706 bytes for ./KSAdSDK.bundle/icon_ksad_leftImage_dislike@2x.png
2021-04-15 10:59:52 +0000  copying file ./KSAdSDK.bundle/icon_ksad_pause.png ... 
2021-04-15 10:59:52 +0000  463 bytes for ./KSAdSDK.bundle/icon_ksad_pause.png
2021-04-15 10:59:52 +0000  copying file ./KSAdSDK.bundle/icon_ad_mute@2x.png ... 
2021-04-15 10:59:52 +0000  631 bytes for ./KSAdSDK.bundle/icon_ad_mute@2x.png
2021-04-15 10:59:52 +0000  copying file ./KSAdSDK.bundle/icon_ksad_dislike_white@3x.png ... 
2021-04-15 10:59:52 +0000  929 bytes for ./KSAdSDK.bundle/icon_ksad_dislike_white@3x.png
2021-04-15 10:59:52 +0000  copying file ./KSAdSDK.bundle/icon_ksad_logo_bg@2x.png ... 
2021-04-15 10:59:52 +0000  2632 bytes for ./KSAdSDK.bundle/icon_ksad_logo_bg@2x.png
2021-04-15 10:59:52 +0000  copying file ./KSAdSDK.bundle/icon_ksad_star_all.png ... 
2021-04-15 10:59:52 +0000  764 bytes for ./KSAdSDK.bundle/icon_ksad_star_all.png
2021-04-15 10:59:52 +0000  copying file ./KSAdSDK.bundle/icon_ksad_leftImage_dislike.png ... 
2021-04-15 10:59:52 +0000  403 bytes for ./KSAdSDK.bundle/icon_ksad_leftImage_dislike.png
2021-04-15 10:59:52 +0000  copying file ./KSAdSDK.bundle/icon_ksad_logo_bg@3x.png ... 
2021-04-15 10:59:52 +0000  3699 bytes for ./KSAdSDK.bundle/icon_ksad_logo_bg@3x.png
2021-04-15 10:59:52 +0000  copying file ./KSAdSDK.bundle/icon_ksad_zoomOut.png ... 
2021-04-15 10:59:52 +0000  210 bytes for ./KSAdSDK.bundle/icon_ksad_zoomOut.png
2021-04-15 10:59:52 +0000  copying file ./KSAdSDK.bundle/icon_ksad_dislike_white@2x.png ... 
2021-04-15 10:59:52 +0000  348 bytes for ./KSAdSDK.bundle/icon_ksad_dislike_white@2x.png
2021-04-15 10:59:52 +0000  copying file ./KSAdSDK.bundle/icon_ad_mute@3x.png ... 
2021-04-15 10:59:52 +0000  1309 bytes for ./KSAdSDK.bundle/icon_ad_mute@3x.png
2021-04-15 10:59:52 +0000  copying file ./KSAdSDK.bundle/icon_ksad_IncentiveVideo_playDetailGift@2x.png ... 
2021-04-15 10:59:52 +0000  1112 bytes for ./KSAdSDK.bundle/icon_ksad_IncentiveVideo_playDetailGift@2x.png
2021-04-15 10:59:52 +0000  copying file ./KSAdSDK.bundle/icon_ksad_leftImage_dislike@3x.png ... 
2021-04-15 10:59:52 +0000  1289 bytes for ./KSAdSDK.bundle/icon_ksad_leftImage_dislike@3x.png
2021-04-15 10:59:52 +0000  copying file ./KSAdSDK.bundle/icon_ad_white_right_arrow@3x.png ... 
2021-04-15 10:59:52 +0000  173 bytes for ./KSAdSDK.bundle/icon_ad_white_right_arrow@3x.png
2021-04-15 10:59:52 +0000  copying file ./KSAdSDK.bundle/icon_ksad_zoomOut@3x.png ... 
2021-04-15 10:59:52 +0000  545 bytes for ./KSAdSDK.bundle/icon_ksad_zoomOut@3x.png
2021-04-15 10:59:52 +0000  copying file ./KSAdSDK.bundle/icon_ksad_H5_nav_close_normal@2x.png ... 
2021-04-15 10:59:52 +0000  231 bytes for ./KSAdSDK.bundle/icon_ksad_H5_nav_close_normal@2x.png
2021-04-15 10:59:52 +0000  copying file ./KSAdSDK.bundle/icon_ad_sound@3x.png ... 
2021-04-15 10:59:52 +0000  1580 bytes for ./KSAdSDK.bundle/icon_ad_sound@3x.png
2021-04-15 10:59:52 +0000  copying file ./KSAdSDK.bundle/icon_ksad_star_half@2x.png ... 
2021-04-15 10:59:52 +0000  1943 bytes for ./KSAdSDK.bundle/icon_ksad_star_half@2x.png
2021-04-15 10:59:52 +0000  copying file ./KSAdSDK.bundle/icon_ksad_logo_gray@2x.png ... 
2021-04-15 10:59:52 +0000  2322 bytes for ./KSAdSDK.bundle/icon_ksad_logo_gray@2x.png
2021-04-15 10:59:52 +0000  copying file ./KSAdSDK.bundle/icon_ksad_star_gray@3x.png ... 
2021-04-15 10:59:52 +0000  1784 bytes for ./KSAdSDK.bundle/icon_ksad_star_gray@3x.png
2021-04-15 10:59:52 +0000  copying file ./KSAdSDK.bundle/icon_ksad_zoomIn@3x.png ... 
2021-04-15 10:59:52 +0000  639 bytes for ./KSAdSDK.bundle/icon_ksad_zoomIn@3x.png
2021-04-15 10:59:52 +0000  copying file ./KSAdSDK.bundle/icon_ksad_close_white@3x.png ... 
2021-04-15 10:59:52 +0000  857 bytes for ./KSAdSDK.bundle/icon_ksad_close_white@3x.png
2021-04-15 10:59:52 +0000  copying file ./KSAdSDK.bundle/icon_ksad_dislike_white.png ... 
2021-04-15 10:59:52 +0000  167 bytes for ./KSAdSDK.bundle/icon_ksad_dislike_white.png
2021-04-15 10:59:52 +0000  copying file ./KSAdSDK.bundle/icon_ksad_star_all@2x.png ... 
2021-04-15 10:59:52 +0000  1631 bytes for ./KSAdSDK.bundle/icon_ksad_star_all@2x.png
2021-04-15 10:59:52 +0000  copying file ./KSAdSDK.bundle/icon_ad_shutdown@2x.png ... 
2021-04-15 10:59:52 +0000  442 bytes for ./KSAdSDK.bundle/icon_ad_shutdown@2x.png
2021-04-15 10:59:52 +0000  copying file ./KSAdSDK.bundle/icon_ksad_play_small.png ... 
2021-04-15 10:59:52 +0000  173 bytes for ./KSAdSDK.bundle/icon_ksad_play_small.png
2021-04-15 10:59:52 +0000  copying file ./KSAdSDK.bundle/icon_ksad_logo_white@2x.png ... 
2021-04-15 10:59:52 +0000  1991 bytes for ./KSAdSDK.bundle/icon_ksad_logo_white@2x.png
2021-04-15 10:59:52 +0000  copying file ./KSAdSDK.bundle/icon_ksad_app_icon_default@3x.png ... 
2021-04-15 10:59:52 +0000  17453 bytes for ./KSAdSDK.bundle/icon_ksad_app_icon_default@3x.png
2021-04-15 10:59:52 +0000  copying file ./KSAdSDK.bundle/icon_ksad_splash_unmute@2x.png ... 
2021-04-15 10:59:52 +0000  1407 bytes for ./KSAdSDK.bundle/icon_ksad_splash_unmute@2x.png
2021-04-15 10:59:52 +0000  copying file ./KSAdSDK.bundle/icon_ksad_zoomIn.png ... 
2021-04-15 10:59:52 +0000  262 bytes for ./KSAdSDK.bundle/icon_ksad_zoomIn.png
2021-04-15 10:59:52 +0000  copying file ./KSAdSDK.bundle/icon_ksad_H5_nav_back_normal@2x.png ... 
2021-04-15 10:59:52 +0000  133 bytes for ./KSAdSDK.bundle/icon_ksad_H5_nav_back_normal@2x.png
2021-04-15 10:59:52 +0000  copying file ./KSAdSDK.bundle/icon_ksad_pause_small@3x.png ... 
2021-04-15 10:59:52 +0000  282 bytes for ./KSAdSDK.bundle/icon_ksad_pause_small@3x.png
2021-04-15 10:59:52 +0000  copying file ./KSAdSDK.bundle/icon_ksad_star_half.png ... 
2021-04-15 10:59:52 +0000  685 bytes for ./KSAdSDK.bundle/icon_ksad_star_half.png
2021-04-15 10:59:52 +0000  copying file ./KSAdSDK.bundle/icon_ksad_pause_small@2x.png ... 
2021-04-15 10:59:52 +0000  121 bytes for ./KSAdSDK.bundle/icon_ksad_pause_small@2x.png
2021-04-15 10:59:52 +0000  copying file ./KSAdSDK.bundle/icon_ksad_H5_nav_back_normal@3x.png ... 
2021-04-15 10:59:52 +0000  345 bytes for ./KSAdSDK.bundle/icon_ksad_H5_nav_back_normal@3x.png
2021-04-15 10:59:52 +0000  copying file ./KSAdSDK.bundle/icon_ksad_play.png ... 
2021-04-15 10:59:52 +0000  613 bytes for ./KSAdSDK.bundle/icon_ksad_play.png
2021-04-15 10:59:52 +0000  copying file ./KSAdSDK.bundle/icon_ksad_splash_unmute@3x.png ... 
2021-04-15 10:59:52 +0000  3068 bytes for ./KSAdSDK.bundle/icon_ksad_splash_unmute@3x.png
2021-04-15 10:59:52 +0000  copying file ./KSAdSDK.bundle/icon_ksad_app_icon_default@2x.png ... 
2021-04-15 10:59:52 +0000  9895 bytes for ./KSAdSDK.bundle/icon_ksad_app_icon_default@2x.png
2021-04-15 10:59:52 +0000  copying file ./KSAdSDK.bundle/icon_ksad_back.png ... 
2021-04-15 10:59:52 +0000  116 bytes for ./KSAdSDK.bundle/icon_ksad_back.png
2021-04-15 10:59:52 +0000  copying file ./KSAdSDK.bundle/icon_ksad_logo_white@3x.png ... 
2021-04-15 10:59:52 +0000  4035 bytes for ./KSAdSDK.bundle/icon_ksad_logo_white@3x.png
2021-04-15 10:59:52 +0000  copying file ./KSAdSDK.bundle/icon_ad_shutdown@3x.png ... 
2021-04-15 10:59:52 +0000  941 bytes for ./KSAdSDK.bundle/icon_ad_shutdown@3x.png
2021-04-15 10:59:52 +0000  copying file ./KSAdSDK.bundle/icon_ksad_star_all@3x.png ... 
2021-04-15 10:59:52 +0000  2559 bytes for ./KSAdSDK.bundle/icon_ksad_star_all@3x.png
2021-04-15 10:59:52 +0000  copying file ./KSAdSDK.bundle/icon_ksad_pause_small.png ... 
2021-04-15 10:59:52 +0000  114 bytes for ./KSAdSDK.bundle/icon_ksad_pause_small.png
2021-04-15 10:59:52 +0000  copying file ./KSAdSDK.bundle/icon_ksad_close_white@2x.png ... 
2021-04-15 10:59:52 +0000  519 bytes for ./KSAdSDK.bundle/icon_ksad_close_white@2x.png
2021-04-15 10:59:52 +0000  copying file ./KSAdSDK.bundle/icon_ksad_zoomIn@2x.png ... 
2021-04-15 10:59:52 +0000  419 bytes for ./KSAdSDK.bundle/icon_ksad_zoomIn@2x.png
2021-04-15 10:59:52 +0000  copying file ./KSAdSDK.bundle/icon_ksad_star_gray@2x.png ... 
2021-04-15 10:59:52 +0000  841 bytes for ./KSAdSDK.bundle/icon_ksad_star_gray@2x.png
2021-04-15 10:59:52 +0000  copying file ./KSAdSDK.bundle/icon_ksad_logo_gray@3x.png ... 
2021-04-15 10:59:52 +0000  4762 bytes for ./KSAdSDK.bundle/icon_ksad_logo_gray@3x.png
2021-04-15 10:59:52 +0000  copying file ./KSAdSDK.bundle/icon_ad_gift@2x.png ... 
2021-04-15 10:59:52 +0000  1841 bytes for ./KSAdSDK.bundle/icon_ad_gift@2x.png
2021-04-15 10:59:52 +0000  copying file ./KSAdSDK.bundle/icon_ksad_dislike_black@3x.png ... 
2021-04-15 10:59:52 +0000  1076 bytes for ./KSAdSDK.bundle/icon_ksad_dislike_black@3x.png
2021-04-15 10:59:52 +0000  copying file ./KSAdSDK.bundle/icon_ksad_leftImage_logo@2x.png ... 
2021-04-15 10:59:52 +0000  2181 bytes for ./KSAdSDK.bundle/icon_ksad_leftImage_logo@2x.png
2021-04-15 10:59:52 +0000  copying file ./KSAdSDK.bundle/icon_ksad_play@2x.png ... 
2021-04-15 10:59:52 +0000  1287 bytes for ./KSAdSDK.bundle/icon_ksad_play@2x.png
2021-04-15 10:59:52 +0000  copying file ./KSAdSDK.bundle/icon_ksad_IncentiveVideo_playEndGift@2x.png ... 
2021-04-15 10:59:52 +0000  1457 bytes for ./KSAdSDK.bundle/icon_ksad_IncentiveVideo_playEndGift@2x.png
2021-04-15 10:59:52 +0000  copying file ./KSAdSDK.bundle/icon_ksad_play_big@3x.png ... 
2021-04-15 10:59:52 +0000  2958 bytes for ./KSAdSDK.bundle/icon_ksad_play_big@3x.png
2021-04-15 10:59:52 +0000  copying file ./KSAdSDK.bundle/icon_ksad_back@3x.png ... 
2021-04-15 10:59:52 +0000  200 bytes for ./KSAdSDK.bundle/icon_ksad_back@3x.png
2021-04-15 10:59:52 +0000  copying file ./KSAdSDK.bundle/icon_ad_skip@3x.png ... 
2021-04-15 10:59:52 +0000  3993 bytes for ./KSAdSDK.bundle/icon_ad_skip@3x.png
2021-04-15 10:59:52 +0000  copying file ./KSAdSDK.bundle/icon_ksad_H5_nav_back_highlight@3x.png ... 
2021-04-15 10:59:52 +0000  332 bytes for ./KSAdSDK.bundle/icon_ksad_H5_nav_back_highlight@3x.png
2021-04-15 10:59:52 +0000  copying file ./KSAdSDK.bundle/icon_ksad_nav_leftback@3x.png ... 
2021-04-15 10:59:52 +0000  436 bytes for ./KSAdSDK.bundle/icon_ksad_nav_leftback@3x.png
2021-04-15 10:59:52 +0000  copying file ./KSAdSDK.bundle/icon_ksad_logo_bg.png ... 
2021-04-15 10:59:52 +0000  1029 bytes for ./KSAdSDK.bundle/icon_ksad_logo_bg.png
2021-04-15 10:59:52 +0000  copying file ./KSAdSDK.bundle/icon_ksad_splash_mute_h@3x.png ... 
2021-04-15 10:59:52 +0000  4446 bytes for ./KSAdSDK.bundle/icon_ksad_splash_mute_h@3x.png
2021-04-15 10:59:52 +0000  copying file ./KSAdSDK.bundle/icon_ksad_splash_mute_h@2x.png ... 
2021-04-15 10:59:52 +0000  2141 bytes for ./KSAdSDK.bundle/icon_ksad_splash_mute_h@2x.png
2021-04-15 10:59:52 +0000  copying file ./KSAdSDK.bundle/icon_ksad_nav_leftback@2x.png ... 
2021-04-15 10:59:52 +0000  157 bytes for ./KSAdSDK.bundle/icon_ksad_nav_leftback@2x.png
2021-04-15 10:59:52 +0000  copying file ./KSAdSDK.bundle/icon_ksad_H5_nav_back_highlight@2x.png ... 
2021-04-15 10:59:52 +0000  148 bytes for ./KSAdSDK.bundle/icon_ksad_H5_nav_back_highlight@2x.png
2021-04-15 10:59:52 +0000  copying file ./KSAdSDK.bundle/icon_ksad_back@2x.png ... 
2021-04-15 10:59:52 +0000  168 bytes for ./KSAdSDK.bundle/icon_ksad_back@2x.png
2021-04-15 10:59:52 +0000  copying file ./KSAdSDK.bundle/icon_ad_skip@2x.png ... 
2021-04-15 10:59:52 +0000  2056 bytes for ./KSAdSDK.bundle/icon_ad_skip@2x.png
2021-04-15 10:59:52 +0000  copying file ./KSAdSDK.bundle/icon_ksad_play_big@2x.png ... 
2021-04-15 10:59:52 +0000  1582 bytes for ./KSAdSDK.bundle/icon_ksad_play_big@2x.png
2021-04-15 10:59:52 +0000  copying file ./KSAdSDK.bundle/icon_ksad_IncentiveVideo_playEndGift@3x.png ... 
2021-04-15 10:59:52 +0000  2171 bytes for ./KSAdSDK.bundle/icon_ksad_IncentiveVideo_playEndGift@3x.png
2021-04-15 10:59:52 +0000  copying file ./KSAdSDK.bundle/Info.plist ... 
2021-04-15 10:59:52 +0000  712 bytes for ./KSAdSDK.bundle/Info.plist
2021-04-15 10:59:52 +0000  copying file ./KSAdSDK.bundle/icon_ksad_play@3x.png ... 
2021-04-15 10:59:52 +0000  1856 bytes for ./KSAdSDK.bundle/icon_ksad_play@3x.png
2021-04-15 10:59:52 +0000  copying file ./KSAdSDK.bundle/icon_ksad_leftImage_logo@3x.png ... 
2021-04-15 10:59:52 +0000  3455 bytes for ./KSAdSDK.bundle/icon_ksad_leftImage_logo@3x.png
2021-04-15 10:59:52 +0000  copying file ./KSAdSDK.bundle/icon_ksad_dislike_black@2x.png ... 
2021-04-15 10:59:52 +0000  386 bytes for ./KSAdSDK.bundle/icon_ksad_dislike_black@2x.png
2021-04-15 10:59:52 +0000  copying file ./KSAdSDK.bundle/icon_ad_gift@3x.png ... 
2021-04-15 10:59:52 +0000  4174 bytes for ./KSAdSDK.bundle/icon_ad_gift@3x.png
2021-04-15 10:59:52 +0000  copying file ./Base.lproj/LaunchScreen.storyboardc/01J-lp-oVM-view-Ze5-6b-2t3.nib ... 
2021-04-15 10:59:52 +0000  1834 bytes for ./Base.lproj/LaunchScreen.storyboardc/01J-lp-oVM-view-Ze5-6b-2t3.nib
2021-04-15 10:59:52 +0000  copying file ./Base.lproj/LaunchScreen.storyboardc/UIViewController-01J-lp-oVM.nib ... 
2021-04-15 10:59:52 +0000  896 bytes for ./Base.lproj/LaunchScreen.storyboardc/UIViewController-01J-lp-oVM.nib
2021-04-15 10:59:52 +0000  copying file ./Base.lproj/LaunchScreen.storyboardc/Info.plist ... 
2021-04-15 10:59:52 +0000  258 bytes for ./Base.lproj/LaunchScreen.storyboardc/Info.plist
2021-04-15 10:59:52 +0000  copying file ./KATrackingAdDemo ... 
2021-04-15 10:59:52 +0000  11708928 bytes for ./KATrackingAdDemo
2021-04-15 10:59:52 +0000  copying file ./Main.storyboardc/UIViewController-BYZ-38-t0r.nib/objects-11.0+.nib ... 
955 bytes for ./Main.storyboardc/UIViewController-BYZ-38-t0r.nib/objects-11.0+.nib
copying file ./Main.storyboardc/UIViewController-BYZ-38-t0r.nib/runtime.nib ... 
955 bytes for ./Main.storyboardc/UIViewController-BYZ-38-t0r.nib/runtime.nib
copying file ./Main.storyboardc/BYZ-38-t0r-view-8bC-Xf-vdC.nib/objects-11.0+.nib ... 
4029 bytes for ./Main.storyboardc/BYZ-38-t0r-view-8bC-Xf-vdC.nib/objects-11.0+.nib
copying file ./Main.storyboardc/BYZ-38-t0r-view-8bC-Xf-vdC.nib/runtime.nib ... 
2021-04-15 10:59:52 +0000  4267 bytes for ./Main.storyboardc/BYZ-38-t0r-view-8bC-Xf-vdC.nib/runtime.nib
2021-04-15 10:59:52 +0000  copying file ./Main.storyboardc/Info.plist ... 
2021-04-15 10:59:52 +0000  258 bytes for ./Main.storyboardc/Info.plist
2021-04-15 10:59:52 +0000  copying file ./logo.png ... 
2021-04-15 10:59:52 +0000  19083 bytes for ./logo.png
2021-04-15 10:59:52 +0000  copying file ./AdCellView.nib ... 
2021-04-15 10:59:52 +0000  3530 bytes for ./AdCellView.nib
2021-04-15 10:59:52 +0000  copying file ./Button_AD_Close.png ... 
2021-04-15 10:59:52 +0000  5522 bytes for ./Button_AD_Close.png
2021-04-15 10:59:52 +0000  copying file ./embedded.mobileprovision ... 
2021-04-15 10:59:52 +0000  54831 bytes for ./embedded.mobileprovision
2021-04-15 10:59:52 +0000  copying file ./Info.plist ... 
2021-04-15 10:59:52 +0000  1504 bytes for ./Info.plist
2021-04-15 10:59:52 +0000  copying file ./PkgInfo ... 
2021-04-15 10:59:52 +0000  8 bytes for ./PkgInfo
2021-04-15 10:59:52 +0000 [MT] /usr/bin/ditto exited with 0
2021-04-15 10:59:52 +0000 [MT] Processing step: IDEDistributionEmbedProfileStep
2021-04-15 10:59:52 +0000 [MT] Processing step: IDEDistributionInfoPlistStep
2021-04-15 10:59:52 +0000 [MT] Skipping step: IDEDistributionInfoPlistStep because it said so
2021-04-15 10:59:52 +0000 [MT] Processing step: IDEDistributionAppThinningPlistStep
2021-04-15 10:59:52 +0000 [MT] Skipping step: IDEDistributionAppThinningPlistStep because it said so
2021-04-15 10:59:52 +0000 [MT] Processing step: IDEDistributionCompileBitcodeStep
2021-04-15 10:59:52 +0000 [MT] Skipping step: IDEDistributionCompileBitcodeStep because it said so
2021-04-15 10:59:52 +0000 [MT] Processing step: IDEDistributionCodeSlimmingStep
2021-04-15 10:59:52 +0000 [MT] Processing step: IDEDistributionCopyBCSymbolMapsStep
2021-04-15 10:59:52 +0000 [MT] Skipping step: IDEDistributionCopyBCSymbolMapsStep because it said so
2021-04-15 10:59:52 +0000 [MT] Processing step: IDEDistributionSymbolsStep
2021-04-15 10:59:52 +0000 [MT] Skipping step: IDEDistributionSymbolsStep because it said so
2021-04-15 10:59:52 +0000 [MT] Processing step: IDEDistributionAppThinningStep
2021-04-15 10:59:52 +0000 [MT] Skipping step: IDEDistributionAppThinningStep because it said so
2021-04-15 10:59:52 +0000 [MT] Processing step: IDEDistributionArchThinningStep
2021-04-15 10:59:52 +0000 [MT] Running /Applications/Xcode.app/Contents/Developer/Toolchains/XcodeDefault.xctoolchain/usr/bin/lipo '/var/folders/xw/sp8hm9492kj1gn88ddj3tlym0000gn/T/XcodeDistPipeline.~~~pPPbnF/Root/Payload/KATrackingAdDemo.app/KATrackingAdDemo' '-verify_arch' 'arm64e'
2021-04-15 10:59:52 +0000 [MT] /Applications/Xcode.app/Contents/Developer/Toolchains/XcodeDefault.xctoolchain/usr/bin/lipo exited with 1
2021-04-15 10:59:52 +0000 [MT] Skipping architecture thinning for item "KATrackingAdDemo" because arch "arm64e" wasn't found
2021-04-15 10:59:52 +0000 [MT] Processing step: IDEDistributionODRStep
2021-04-15 10:59:52 +0000 [MT] Processing step: IDEDistributionStripXattrsStep
2021-04-15 10:59:52 +0000 [MT] Running /usr/bin/xattr '-crs' '/var/folders/xw/sp8hm9492kj1gn88ddj3tlym0000gn/T/XcodeDistPipeline.~~~pPPbnF/Root/Payload/KATrackingAdDemo.app'
2021-04-15 10:59:52 +0000 [MT] /usr/bin/xattr exited with 0
2021-04-15 10:59:52 +0000 [MT] Processing step: IDEDistributionCodesignStep
2021-04-15 10:59:52 +0000 [MT] Entitlements for <IDEDistributionItem: 0x7fa939ae20a0; bundleID='com.sogou.sogoureader', path='<DVTFilePath:0x7fa939cd2ed0:'/Users/mac/Desktop/project/AppicQATestDemo/4++/AppicAdDemo/proj_pod/build/KATrackingAdDemo.xcarchive/Products/Applications/KATrackingAdDemo.app'>', codeSigningInfo='<_DVTCodeSigningInformation_Path: 0x7fa939e2e320; isSigned='1', isAdHocSigned='0', signingCertificate='<DVTSigningCertificate: 0x7fa939e97880; name='Apple Development: 帅 贾 (X6656GT54Z)', hash='461D67F5324B75ACEB3A320044898051C3A7E66A', serialNumber='<DVTSigningCertificateSerialNumber: 0x7fa939e8cba0>', certificateKinds='(
    "1.2.840.113635.100.6.1.12",
    "1.2.840.113635.100.6.1.2"
), issueDate='2021-01-20 09:03:41 +0000''>', entitlements='{
    "application-identifier" = "8JEAL74THQ.com.sogou.sogoureader";
    "com.apple.developer.team-identifier" = 8JEAL74THQ;
    "get-task-allow" = 1;
    "keychain-access-groups" =     (
        "8JEAL74THQ.com.sogou.sogoureader"
    );
}', teamID='8JEAL74THQ', identifier='com.sogou.sogoureader', executablePath='<DVTFilePath:0x7fa939e21130:'/Users/mac/Desktop/project/AppicQATestDemo/4++/AppicAdDemo/proj_pod/build/KATrackingAdDemo.xcarchive/Products/Applications/KATrackingAdDemo.app/KATrackingAdDemo'>', hardenedRuntime='0'>'>: {
    "application-identifier" = "8JEAL74THQ.com.sogou.sogoureader";
    "com.apple.developer.team-identifier" = 8JEAL74THQ;
    "get-task-allow" = 1;
    "keychain-access-groups" =     (
        "8JEAL74THQ.com.sogou.sogoureader"
    );
}
2021-04-15 10:59:52 +0000 [MT] Entitlements for <IDEDistributionItem: 0x7fa939ae20a0; bundleID='com.sogou.sogoureader', path='<DVTFilePath:0x7fa939cd2ed0:'/Users/mac/Desktop/project/AppicQATestDemo/4++/AppicAdDemo/proj_pod/build/KATrackingAdDemo.xcarchive/Products/Applications/KATrackingAdDemo.app'>', codeSigningInfo='<_DVTCodeSigningInformation_Path: 0x7fa939e2e320; isSigned='1', isAdHocSigned='0', signingCertificate='<DVTSigningCertificate: 0x7fa939ea8990; name='Apple Development: 帅 贾 (X6656GT54Z)', hash='461D67F5324B75ACEB3A320044898051C3A7E66A', serialNumber='<DVTSigningCertificateSerialNumber: 0x7fa939e5fe50>', certificateKinds='(
    "1.2.840.113635.100.6.1.12",
    "1.2.840.113635.100.6.1.2"
), issueDate='2021-01-20 09:03:41 +0000''>', entitlements='{
    "application-identifier" = "8JEAL74THQ.com.sogou.sogoureader";
    "com.apple.developer.team-identifier" = 8JEAL74THQ;
    "get-task-allow" = 1;
    "keychain-access-groups" =     (
        "8JEAL74THQ.com.sogou.sogoureader"
    );
}', teamID='8JEAL74THQ', identifier='com.sogou.sogoureader', executablePath='<DVTFilePath:0x7fa939e21130:'/Users/mac/Desktop/project/AppicQATestDemo/4++/AppicAdDemo/proj_pod/build/KATrackingAdDemo.xcarchive/Products/Applications/KATrackingAdDemo.app/KATrackingAdDemo'>', hardenedRuntime='0'>'> are: {
    "application-identifier" = "8JEAL74THQ.com.sogou.sogoureader";
    "com.apple.developer.team-identifier" = 8JEAL74THQ;
    "get-task-allow" = 1;
    "keychain-access-groups" =     (
        "8JEAL74THQ.com.sogou.sogoureader"
    );
}
2021-04-15 10:59:52 +0000 [MT] Writing entitlements for <IDEDistributionItem: 0x7fa939ae20a0; bundleID='com.sogou.sogoureader', path='<DVTFilePath:0x7fa939cd2ed0:'/Users/mac/Desktop/project/AppicQATestDemo/4++/AppicAdDemo/proj_pod/build/KATrackingAdDemo.xcarchive/Products/Applications/KATrackingAdDemo.app'>', codeSigningInfo='<_DVTCodeSigningInformation_Path: 0x7fa939e2e320; isSigned='1', isAdHocSigned='0', signingCertificate='<DVTSigningCertificate: 0x7fa937dc1310; name='Apple Development: 帅 贾 (X6656GT54Z)', hash='461D67F5324B75ACEB3A320044898051C3A7E66A', serialNumber='<DVTSigningCertificateSerialNumber: 0x7fa935d0cd30>', certificateKinds='(
    "1.2.840.113635.100.6.1.12",
    "1.2.840.113635.100.6.1.2"
), issueDate='2021-01-20 09:03:41 +0000''>', entitlements='{
    "application-identifier" = "8JEAL74THQ.com.sogou.sogoureader";
    "com.apple.developer.team-identifier" = 8JEAL74THQ;
    "get-task-allow" = 1;
    "keychain-access-groups" =     (
        "8JEAL74THQ.com.sogou.sogoureader"
    );
}', teamID='8JEAL74THQ', identifier='com.sogou.sogoureader', executablePath='<DVTFilePath:0x7fa939e21130:'/Users/mac/Desktop/project/AppicQATestDemo/4++/AppicAdDemo/proj_pod/build/KATrackingAdDemo.xcarchive/Products/Applications/KATrackingAdDemo.app/KATrackingAdDemo'>', hardenedRuntime='0'>'> to: /var/folders/xw/sp8hm9492kj1gn88ddj3tlym0000gn/T/XcodeDistPipeline.~~~pPPbnF/entitlements~~~M7nD0J
2021-04-15 10:59:52 +0000 [MT] Running /usr/bin/codesign '-vvv' '--force' '--sign' '461D67F5324B75ACEB3A320044898051C3A7E66A' '--entitlements' '/var/folders/xw/sp8hm9492kj1gn88ddj3tlym0000gn/T/XcodeDistPipeline.~~~pPPbnF/entitlements~~~M7nD0J' '--preserve-metadata=identifier,flags,runtime' '/var/folders/xw/sp8hm9492kj1gn88ddj3tlym0000gn/T/XcodeDistPipeline.~~~pPPbnF/Root/Payload/KATrackingAdDemo.app'
2021-04-15 10:59:52 +0000  /var/folders/xw/sp8hm9492kj1gn88ddj3tlym0000gn/T/XcodeDistPipeline.~~~pPPbnF/Root/Payload/KATrackingAdDemo.app: replacing existing signature
2021-04-15 10:59:53 +0000  /var/folders/xw/sp8hm9492kj1gn88ddj3tlym0000gn/T/XcodeDistPipeline.~~~pPPbnF/Root/Payload/KATrackingAdDemo.app: signed app bundle with Mach-O universal (armv7 arm64) [com.sogou.sogoureader]
2021-04-15 10:59:53 +0000 [MT] /usr/bin/codesign exited with 0
2021-04-15 10:59:53 +0000 [MT] Processing step: IDEDistributionZipODRItemStep
2021-04-15 10:59:53 +0000 [MT] Skipping step: IDEDistributionZipODRItemStep because it said so
2021-04-15 10:59:53 +0000 [MT] Processing step: IDEDistributionCreateIPAStep
2021-04-15 10:59:53 +0000 [MT] Running /usr/bin/ditto '-V' '-c' '-k' '--norsrc' '/var/folders/xw/sp8hm9492kj1gn88ddj3tlym0000gn/T/XcodeDistPipeline.~~~pPPbnF/Root' '/var/folders/xw/sp8hm9492kj1gn88ddj3tlym0000gn/T/XcodeDistPipeline.~~~pPPbnF/Packages/KATrackingAdDemo.ipa'
2021-04-15 10:59:53 +0000  >>> Copying /var/folders/xw/sp8hm9492kj1gn88ddj3tlym0000gn/T/XcodeDistPipeline.~~~pPPbnF/Root 
2021-04-15 10:59:53 +0000  copying file ./Payload/KATrackingAdDemo.app/_CodeSignature/CodeResources ... 
2021-04-15 10:59:53 +0000  38543 bytes for ./Payload/KATrackingAdDemo.app/_CodeSignature/CodeResources
2021-04-15 10:59:53 +0000  copying file ./Payload/KATrackingAdDemo.app/KSAdSDK.bundle/icon_ksad_splash_unmute_h@3x.png ... 
2021-04-15 10:59:53 +0000  3258 bytes for ./Payload/KATrackingAdDemo.app/KSAdSDK.bundle/icon_ksad_splash_unmute_h@3x.png
copying file ./Payload/KATrackingAdDemo.app/KSAdSDK.bundle/icon_ksad_dislike_black.png ... 
2021-04-15 10:59:53 +0000  176 bytes for ./Payload/KATrackingAdDemo.app/KSAdSDK.bundle/icon_ksad_dislike_black.png
copying file ./Payload/KATrackingAdDemo.app/KSAdSDK.bundle/icon_ksad_splash_mute@2x.png ... 
2021-04-15 10:59:53 +0000  1985 bytes for ./Payload/KATrackingAdDemo.app/KSAdSDK.bundle/icon_ksad_splash_mute@2x.png
copying file ./Payload/KATrackingAdDemo.app/KSAdSDK.bundle/icon_ksad_pause@2x.png ... 
2021-04-15 10:59:53 +0000  988 bytes for ./Payload/KATrackingAdDemo.app/KSAdSDK.bundle/icon_ksad_pause@2x.png
copying file ./Payload/KATrackingAdDemo.app/KSAdSDK.bundle/icon_ad_logo_default@2x.png ... 
2021-04-15 10:59:53 +0000  891 bytes for ./Payload/KATrackingAdDemo.app/KSAdSDK.bundle/icon_ad_logo_default@2x.png
copying file ./Payload/KATrackingAdDemo.app/KSAdSDK.bundle/icon_ksad_sp_logo@3x.png ... 
943 bytes for ./Payload/KATrackingAdDemo.app/KSAdSDK.bundle/icon_ksad_sp_logo@3x.png
copying file ./Payload/KATrackingAdDemo.app/KSAdSDK.bundle/icon_ksad_H5_nav_close_highlight@2x.png ... 
237 bytes for ./Payload/KATrackingAdDemo.app/KSAdSDK.bundle/icon_ksad_H5_nav_close_highlight@2x.png
copying file ./Payload/KATrackingAdDemo.app/KSAdSDK.bundle/icon_ksad_play_small@2x.png ... 
293 bytes for ./Payload/KATrackingAdDemo.app/KSAdSDK.bundle/icon_ksad_play_small@2x.png
2021-04-15 10:59:53 +0000  copying file ./Payload/KATrackingAdDemo.app/KSAdSDK.bundle/icon_ksad_play_small@3x.png ... 
452 bytes for ./Payload/KATrackingAdDemo.app/KSAdSDK.bundle/icon_ksad_play_small@3x.png
copying file ./Payload/KATrackingAdDemo.app/KSAdSDK.bundle/icon_ksad_H5_nav_close_highlight@3x.png ... 
2021-04-15 10:59:53 +0000  618 bytes for ./Payload/KATrackingAdDemo.app/KSAdSDK.bundle/icon_ksad_H5_nav_close_highlight@3x.png
copying file ./Payload/KATrackingAdDemo.app/KSAdSDK.bundle/icon_ksad_sp_logo@2x.png ... 
2021-04-15 10:59:53 +0000  521 bytes for ./Payload/KATrackingAdDemo.app/KSAdSDK.bundle/icon_ksad_sp_logo@2x.png
copying file ./Payload/KATrackingAdDemo.app/KSAdSDK.bundle/icon_ksad_close_white.png ... 
2021-04-15 10:59:53 +0000  167 bytes for ./Payload/KATrackingAdDemo.app/KSAdSDK.bundle/icon_ksad_close_white.png
copying file ./Payload/KATrackingAdDemo.app/KSAdSDK.bundle/icon_ksad_pause@3x.png ... 
2021-04-15 10:59:53 +0000  1640 bytes for ./Payload/KATrackingAdDemo.app/KSAdSDK.bundle/icon_ksad_pause@3x.png
copying file ./Payload/KATrackingAdDemo.app/KSAdSDK.bundle/icon_ad_logo_default@3x.png ... 
2021-04-15 10:59:53 +0000  1470 bytes for ./Payload/KATrackingAdDemo.app/KSAdSDK.bundle/icon_ad_logo_default@3x.png
copying file ./Payload/KATrackingAdDemo.app/KSAdSDK.bundle/icon_ksad_splash_mute@3x.png ... 
2021-04-15 10:59:53 +0000  4185 bytes for ./Payload/KATrackingAdDemo.app/KSAdSDK.bundle/icon_ksad_splash_mute@3x.png
copying file ./Payload/KATrackingAdDemo.app/KSAdSDK.bundle/icon_ksad_app_icon_default.png ... 
2021-04-15 10:59:53 +0000  3829 bytes for ./Payload/KATrackingAdDemo.app/KSAdSDK.bundle/icon_ksad_app_icon_default.png
2021-04-15 10:59:53 +0000  copying file ./Payload/KATrackingAdDemo.app/KSAdSDK.bundle/icon_ksad_star_gray.png ... 
2021-04-15 10:59:53 +0000  325 bytes for ./Payload/KATrackingAdDemo.app/KSAdSDK.bundle/icon_ksad_star_gray.png
copying file ./Payload/KATrackingAdDemo.app/KSAdSDK.bundle/icon_ksad_splash_unmute_h@2x.png ... 
2021-04-15 10:59:53 +0000  1489 bytes for ./Payload/KATrackingAdDemo.app/KSAdSDK.bundle/icon_ksad_splash_unmute_h@2x.png
2021-04-15 10:59:53 +0000  copying file ./Payload/KATrackingAdDemo.app/KSAdSDK.bundle/icon_ksad_star_half@3x.png ... 
2021-04-15 10:59:53 +0000  4120 bytes for ./Payload/KATrackingAdDemo.app/KSAdSDK.bundle/icon_ksad_star_half@3x.png
2021-04-15 10:59:53 +0000  copying file ./Payload/KATrackingAdDemo.app/KSAdSDK.bundle/icon_ad_sound@2x.png ... 
2021-04-15 10:59:53 +0000  679 bytes for ./Payload/KATrackingAdDemo.app/KSAdSDK.bundle/icon_ad_sound@2x.png
copying file ./Payload/KATrackingAdDemo.app/KSAdSDK.bundle/icon_ksad_H5_nav_close_normal@3x.png ... 
2021-04-15 10:59:53 +0000  641 bytes for ./Payload/KATrackingAdDemo.app/KSAdSDK.bundle/icon_ksad_H5_nav_close_normal@3x.png
2021-04-15 10:59:53 +0000  copying file ./Payload/KATrackingAdDemo.app/KSAdSDK.bundle/icon_ad_white_right_arrow@2x.png ... 
2021-04-15 10:59:53 +0000  105 bytes for ./Payload/KATrackingAdDemo.app/KSAdSDK.bundle/icon_ad_white_right_arrow@2x.png
copying file ./Payload/KATrackingAdDemo.app/KSAdSDK.bundle/icon_ksad_zoomOut@2x.png ... 
2021-04-15 10:59:53 +0000  276 bytes for ./Payload/KATrackingAdDemo.app/KSAdSDK.bundle/icon_ksad_zoomOut@2x.png
2021-04-15 10:59:53 +0000  copying file ./Payload/KATrackingAdDemo.app/KSAdSDK.bundle/icon_ksad_IncentiveVideo_playDetailGift@3x.png ... 
2021-04-15 10:59:53 +0000  1696 bytes for ./Payload/KATrackingAdDemo.app/KSAdSDK.bundle/icon_ksad_IncentiveVideo_playDetailGift@3x.png
copying file ./Payload/KATrackingAdDemo.app/KSAdSDK.bundle/icon_ksad_leftImage_dislike@2x.png ... 
2021-04-15 10:59:53 +0000  706 bytes for ./Payload/KATrackingAdDemo.app/KSAdSDK.bundle/icon_ksad_leftImage_dislike@2x.png
2021-04-15 10:59:53 +0000  copying file ./Payload/KATrackingAdDemo.app/KSAdSDK.bundle/icon_ksad_pause.png ... 
2021-04-15 10:59:53 +0000  463 bytes for ./Payload/KATrackingAdDemo.app/KSAdSDK.bundle/icon_ksad_pause.png
copying file ./Payload/KATrackingAdDemo.app/KSAdSDK.bundle/icon_ad_mute@2x.png ... 
2021-04-15 10:59:53 +0000  631 bytes for ./Payload/KATrackingAdDemo.app/KSAdSDK.bundle/icon_ad_mute@2x.png
2021-04-15 10:59:53 +0000  copying file ./Payload/KATrackingAdDemo.app/KSAdSDK.bundle/icon_ksad_dislike_white@3x.png ... 
2021-04-15 10:59:53 +0000  929 bytes for ./Payload/KATrackingAdDemo.app/KSAdSDK.bundle/icon_ksad_dislike_white@3x.png
2021-04-15 10:59:53 +0000  copying file ./Payload/KATrackingAdDemo.app/KSAdSDK.bundle/icon_ksad_logo_bg@2x.png ... 
2021-04-15 10:59:53 +0000  2632 bytes for ./Payload/KATrackingAdDemo.app/KSAdSDK.bundle/icon_ksad_logo_bg@2x.png
2021-04-15 10:59:53 +0000  copying file ./Payload/KATrackingAdDemo.app/KSAdSDK.bundle/icon_ksad_star_all.png ... 
2021-04-15 10:59:53 +0000  764 bytes for ./Payload/KATrackingAdDemo.app/KSAdSDK.bundle/icon_ksad_star_all.png
copying file ./Payload/KATrackingAdDemo.app/KSAdSDK.bundle/icon_ksad_leftImage_dislike.png ... 
2021-04-15 10:59:53 +0000  403 bytes for ./Payload/KATrackingAdDemo.app/KSAdSDK.bundle/icon_ksad_leftImage_dislike.png
2021-04-15 10:59:53 +0000  copying file ./Payload/KATrackingAdDemo.app/KSAdSDK.bundle/icon_ksad_logo_bg@3x.png ... 
2021-04-15 10:59:53 +0000  3699 bytes for ./Payload/KATrackingAdDemo.app/KSAdSDK.bundle/icon_ksad_logo_bg@3x.png
2021-04-15 10:59:53 +0000  copying file ./Payload/KATrackingAdDemo.app/KSAdSDK.bundle/icon_ksad_zoomOut.png ... 
2021-04-15 10:59:53 +0000  210 bytes for ./Payload/KATrackingAdDemo.app/KSAdSDK.bundle/icon_ksad_zoomOut.png
copying file ./Payload/KATrackingAdDemo.app/KSAdSDK.bundle/icon_ksad_dislike_white@2x.png ... 
2021-04-15 10:59:53 +0000  348 bytes for ./Payload/KATrackingAdDemo.app/KSAdSDK.bundle/icon_ksad_dislike_white@2x.png
2021-04-15 10:59:53 +0000  copying file ./Payload/KATrackingAdDemo.app/KSAdSDK.bundle/icon_ad_mute@3x.png ... 
2021-04-15 10:59:53 +0000  1309 bytes for ./Payload/KATrackingAdDemo.app/KSAdSDK.bundle/icon_ad_mute@3x.png
2021-04-15 10:59:53 +0000  copying file ./Payload/KATrackingAdDemo.app/KSAdSDK.bundle/icon_ksad_IncentiveVideo_playDetailGift@2x.png ... 
2021-04-15 10:59:53 +0000  1112 bytes for ./Payload/KATrackingAdDemo.app/KSAdSDK.bundle/icon_ksad_IncentiveVideo_playDetailGift@2x.png
2021-04-15 10:59:53 +0000  copying file ./Payload/KATrackingAdDemo.app/KSAdSDK.bundle/icon_ksad_leftImage_dislike@3x.png ... 
2021-04-15 10:59:53 +0000  1289 bytes for ./Payload/KATrackingAdDemo.app/KSAdSDK.bundle/icon_ksad_leftImage_dislike@3x.png
2021-04-15 10:59:53 +0000  copying file ./Payload/KATrackingAdDemo.app/KSAdSDK.bundle/icon_ad_white_right_arrow@3x.png ... 
2021-04-15 10:59:53 +0000  173 bytes for ./Payload/KATrackingAdDemo.app/KSAdSDK.bundle/icon_ad_white_right_arrow@3x.png
copying file ./Payload/KATrackingAdDemo.app/KSAdSDK.bundle/icon_ksad_zoomOut@3x.png ... 
2021-04-15 10:59:53 +0000  545 bytes for ./Payload/KATrackingAdDemo.app/KSAdSDK.bundle/icon_ksad_zoomOut@3x.png
2021-04-15 10:59:53 +0000  copying file ./Payload/KATrackingAdDemo.app/KSAdSDK.bundle/icon_ksad_H5_nav_close_normal@2x.png ... 
2021-04-15 10:59:53 +0000  231 bytes for ./Payload/KATrackingAdDemo.app/KSAdSDK.bundle/icon_ksad_H5_nav_close_normal@2x.png
copying file ./Payload/KATrackingAdDemo.app/KSAdSDK.bundle/icon_ad_sound@3x.png ... 
2021-04-15 10:59:53 +0000  1580 bytes for ./Payload/KATrackingAdDemo.app/KSAdSDK.bundle/icon_ad_sound@3x.png
2021-04-15 10:59:53 +0000  copying file ./Payload/KATrackingAdDemo.app/KSAdSDK.bundle/icon_ksad_star_half@2x.png ... 
2021-04-15 10:59:53 +0000  1943 bytes for ./Payload/KATrackingAdDemo.app/KSAdSDK.bundle/icon_ksad_star_half@2x.png
copying file ./Payload/KATrackingAdDemo.app/KSAdSDK.bundle/icon_ksad_logo_gray@2x.png ... 
2021-04-15 10:59:53 +0000  2322 bytes for ./Payload/KATrackingAdDemo.app/KSAdSDK.bundle/icon_ksad_logo_gray@2x.png
2021-04-15 10:59:53 +0000  copying file ./Payload/KATrackingAdDemo.app/KSAdSDK.bundle/icon_ksad_star_gray@3x.png ... 
2021-04-15 10:59:53 +0000  1784 bytes for ./Payload/KATrackingAdDemo.app/KSAdSDK.bundle/icon_ksad_star_gray@3x.png
2021-04-15 10:59:53 +0000  copying file ./Payload/KATrackingAdDemo.app/KSAdSDK.bundle/icon_ksad_zoomIn@3x.png ... 
2021-04-15 10:59:53 +0000  639 bytes for ./Payload/KATrackingAdDemo.app/KSAdSDK.bundle/icon_ksad_zoomIn@3x.png
2021-04-15 10:59:53 +0000  copying file ./Payload/KATrackingAdDemo.app/KSAdSDK.bundle/icon_ksad_close_white@3x.png ... 
2021-04-15 10:59:53 +0000  857 bytes for ./Payload/KATrackingAdDemo.app/KSAdSDK.bundle/icon_ksad_close_white@3x.png
2021-04-15 10:59:53 +0000  copying file ./Payload/KATrackingAdDemo.app/KSAdSDK.bundle/icon_ksad_dislike_white.png ... 
2021-04-15 10:59:53 +0000  167 bytes for ./Payload/KATrackingAdDemo.app/KSAdSDK.bundle/icon_ksad_dislike_white.png
copying file ./Payload/KATrackingAdDemo.app/KSAdSDK.bundle/icon_ksad_star_all@2x.png ... 
2021-04-15 10:59:53 +0000  1631 bytes for ./Payload/KATrackingAdDemo.app/KSAdSDK.bundle/icon_ksad_star_all@2x.png
2021-04-15 10:59:53 +0000  copying file ./Payload/KATrackingAdDemo.app/KSAdSDK.bundle/icon_ad_shutdown@2x.png ... 
2021-04-15 10:59:53 +0000  442 bytes for ./Payload/KATrackingAdDemo.app/KSAdSDK.bundle/icon_ad_shutdown@2x.png
copying file ./Payload/KATrackingAdDemo.app/KSAdSDK.bundle/icon_ksad_play_small.png ... 
2021-04-15 10:59:53 +0000  173 bytes for ./Payload/KATrackingAdDemo.app/KSAdSDK.bundle/icon_ksad_play_small.png
2021-04-15 10:59:53 +0000  copying file ./Payload/KATrackingAdDemo.app/KSAdSDK.bundle/icon_ksad_logo_white@2x.png ... 
2021-04-15 10:59:53 +0000  1991 bytes for ./Payload/KATrackingAdDemo.app/KSAdSDK.bundle/icon_ksad_logo_white@2x.png
2021-04-15 10:59:53 +0000  copying file ./Payload/KATrackingAdDemo.app/KSAdSDK.bundle/icon_ksad_app_icon_default@3x.png ... 
2021-04-15 10:59:53 +0000  17453 bytes for ./Payload/KATrackingAdDemo.app/KSAdSDK.bundle/icon_ksad_app_icon_default@3x.png
2021-04-15 10:59:53 +0000  copying file ./Payload/KATrackingAdDemo.app/KSAdSDK.bundle/icon_ksad_splash_unmute@2x.png ... 
2021-04-15 10:59:53 +0000  1407 bytes for ./Payload/KATrackingAdDemo.app/KSAdSDK.bundle/icon_ksad_splash_unmute@2x.png
2021-04-15 10:59:53 +0000  copying file ./Payload/KATrackingAdDemo.app/KSAdSDK.bundle/icon_ksad_zoomIn.png ... 
2021-04-15 10:59:53 +0000  262 bytes for ./Payload/KATrackingAdDemo.app/KSAdSDK.bundle/icon_ksad_zoomIn.png
copying file ./Payload/KATrackingAdDemo.app/KSAdSDK.bundle/icon_ksad_H5_nav_back_normal@2x.png ... 
2021-04-15 10:59:53 +0000  133 bytes for ./Payload/KATrackingAdDemo.app/KSAdSDK.bundle/icon_ksad_H5_nav_back_normal@2x.png
2021-04-15 10:59:53 +0000  copying file ./Payload/KATrackingAdDemo.app/KSAdSDK.bundle/icon_ksad_pause_small@3x.png ... 
2021-04-15 10:59:53 +0000  282 bytes for ./Payload/KATrackingAdDemo.app/KSAdSDK.bundle/icon_ksad_pause_small@3x.png
copying file ./Payload/KATrackingAdDemo.app/KSAdSDK.bundle/icon_ksad_star_half.png ... 
2021-04-15 10:59:53 +0000  685 bytes for ./Payload/KATrackingAdDemo.app/KSAdSDK.bundle/icon_ksad_star_half.png
2021-04-15 10:59:53 +0000  copying file ./Payload/KATrackingAdDemo.app/KSAdSDK.bundle/icon_ksad_pause_small@2x.png ... 
2021-04-15 10:59:53 +0000  121 bytes for ./Payload/KATrackingAdDemo.app/KSAdSDK.bundle/icon_ksad_pause_small@2x.png
copying file ./Payload/KATrackingAdDemo.app/KSAdSDK.bundle/icon_ksad_H5_nav_back_normal@3x.png ... 
2021-04-15 10:59:53 +0000  345 bytes for ./Payload/KATrackingAdDemo.app/KSAdSDK.bundle/icon_ksad_H5_nav_back_normal@3x.png
2021-04-15 10:59:53 +0000  copying file ./Payload/KATrackingAdDemo.app/KSAdSDK.bundle/icon_ksad_play.png ... 
2021-04-15 10:59:53 +0000  613 bytes for ./Payload/KATrackingAdDemo.app/KSAdSDK.bundle/icon_ksad_play.png
copying file ./Payload/KATrackingAdDemo.app/KSAdSDK.bundle/icon_ksad_splash_unmute@3x.png ... 
2021-04-15 10:59:53 +0000  3068 bytes for ./Payload/KATrackingAdDemo.app/KSAdSDK.bundle/icon_ksad_splash_unmute@3x.png
2021-04-15 10:59:53 +0000  copying file ./Payload/KATrackingAdDemo.app/KSAdSDK.bundle/icon_ksad_app_icon_default@2x.png ... 
2021-04-15 10:59:53 +0000  9895 bytes for ./Payload/KATrackingAdDemo.app/KSAdSDK.bundle/icon_ksad_app_icon_default@2x.png
2021-04-15 10:59:53 +0000  copying file ./Payload/KATrackingAdDemo.app/KSAdSDK.bundle/icon_ksad_back.png ... 
2021-04-15 10:59:53 +0000  116 bytes for ./Payload/KATrackingAdDemo.app/KSAdSDK.bundle/icon_ksad_back.png
copying file ./Payload/KATrackingAdDemo.app/KSAdSDK.bundle/icon_ksad_logo_white@3x.png ... 
2021-04-15 10:59:53 +0000  4035 bytes for ./Payload/KATrackingAdDemo.app/KSAdSDK.bundle/icon_ksad_logo_white@3x.png
2021-04-15 10:59:53 +0000  copying file ./Payload/KATrackingAdDemo.app/KSAdSDK.bundle/icon_ad_shutdown@3x.png ... 
2021-04-15 10:59:53 +0000  941 bytes for ./Payload/KATrackingAdDemo.app/KSAdSDK.bundle/icon_ad_shutdown@3x.png
2021-04-15 10:59:53 +0000  copying file ./Payload/KATrackingAdDemo.app/KSAdSDK.bundle/icon_ksad_star_all@3x.png ... 
2021-04-15 10:59:53 +0000  2559 bytes for ./Payload/KATrackingAdDemo.app/KSAdSDK.bundle/icon_ksad_star_all@3x.png
2021-04-15 10:59:53 +0000  copying file ./Payload/KATrackingAdDemo.app/KSAdSDK.bundle/icon_ksad_pause_small.png ... 
2021-04-15 10:59:53 +0000  114 bytes for ./Payload/KATrackingAdDemo.app/KSAdSDK.bundle/icon_ksad_pause_small.png
copying file ./Payload/KATrackingAdDemo.app/KSAdSDK.bundle/icon_ksad_close_white@2x.png ... 
2021-04-15 10:59:53 +0000  519 bytes for ./Payload/KATrackingAdDemo.app/KSAdSDK.bundle/icon_ksad_close_white@2x.png
2021-04-15 10:59:53 +0000  copying file ./Payload/KATrackingAdDemo.app/KSAdSDK.bundle/icon_ksad_zoomIn@2x.png ... 
2021-04-15 10:59:53 +0000  419 bytes for ./Payload/KATrackingAdDemo.app/KSAdSDK.bundle/icon_ksad_zoomIn@2x.png
copying file ./Payload/KATrackingAdDemo.app/KSAdSDK.bundle/icon_ksad_star_gray@2x.png ... 
2021-04-15 10:59:53 +0000  841 bytes for ./Payload/KATrackingAdDemo.app/KSAdSDK.bundle/icon_ksad_star_gray@2x.png
2021-04-15 10:59:53 +0000  copying file ./Payload/KATrackingAdDemo.app/KSAdSDK.bundle/icon_ksad_logo_gray@3x.png ... 
2021-04-15 10:59:53 +0000  4762 bytes for ./Payload/KATrackingAdDemo.app/KSAdSDK.bundle/icon_ksad_logo_gray@3x.png
2021-04-15 10:59:53 +0000  copying file ./Payload/KATrackingAdDemo.app/KSAdSDK.bundle/icon_ad_gift@2x.png ... 
2021-04-15 10:59:53 +0000  1841 bytes for ./Payload/KATrackingAdDemo.app/KSAdSDK.bundle/icon_ad_gift@2x.png
2021-04-15 10:59:53 +0000  copying file ./Payload/KATrackingAdDemo.app/KSAdSDK.bundle/icon_ksad_dislike_black@3x.png ... 
2021-04-15 10:59:53 +0000  1076 bytes for ./Payload/KATrackingAdDemo.app/KSAdSDK.bundle/icon_ksad_dislike_black@3x.png
2021-04-15 10:59:53 +0000  copying file ./Payload/KATrackingAdDemo.app/KSAdSDK.bundle/icon_ksad_leftImage_logo@2x.png ... 
2021-04-15 10:59:53 +0000  2181 bytes for ./Payload/KATrackingAdDemo.app/KSAdSDK.bundle/icon_ksad_leftImage_logo@2x.png
2021-04-15 10:59:53 +0000  copying file ./Payload/KATrackingAdDemo.app/KSAdSDK.bundle/icon_ksad_play@2x.png ... 
2021-04-15 10:59:53 +0000  1287 bytes for ./Payload/KATrackingAdDemo.app/KSAdSDK.bundle/icon_ksad_play@2x.png
2021-04-15 10:59:53 +0000  copying file ./Payload/KATrackingAdDemo.app/KSAdSDK.bundle/icon_ksad_IncentiveVideo_playEndGift@2x.png ... 
2021-04-15 10:59:53 +0000  1457 bytes for ./Payload/KATrackingAdDemo.app/KSAdSDK.bundle/icon_ksad_IncentiveVideo_playEndGift@2x.png
2021-04-15 10:59:53 +0000  copying file ./Payload/KATrackingAdDemo.app/KSAdSDK.bundle/icon_ksad_play_big@3x.png ... 
2021-04-15 10:59:53 +0000  2958 bytes for ./Payload/KATrackingAdDemo.app/KSAdSDK.bundle/icon_ksad_play_big@3x.png
2021-04-15 10:59:53 +0000  copying file ./Payload/KATrackingAdDemo.app/KSAdSDK.bundle/icon_ksad_back@3x.png ... 
2021-04-15 10:59:53 +0000  200 bytes for ./Payload/KATrackingAdDemo.app/KSAdSDK.bundle/icon_ksad_back@3x.png
copying file ./Payload/KATrackingAdDemo.app/KSAdSDK.bundle/icon_ad_skip@3x.png ... 
2021-04-15 10:59:53 +0000  3993 bytes for ./Payload/KATrackingAdDemo.app/KSAdSDK.bundle/icon_ad_skip@3x.png
2021-04-15 10:59:53 +0000  copying file ./Payload/KATrackingAdDemo.app/KSAdSDK.bundle/icon_ksad_H5_nav_back_highlight@3x.png ... 
2021-04-15 10:59:53 +0000  332 bytes for ./Payload/KATrackingAdDemo.app/KSAdSDK.bundle/icon_ksad_H5_nav_back_highlight@3x.png
copying file ./Payload/KATrackingAdDemo.app/KSAdSDK.bundle/icon_ksad_nav_leftback@3x.png ... 
2021-04-15 10:59:53 +0000  436 bytes for ./Payload/KATrackingAdDemo.app/KSAdSDK.bundle/icon_ksad_nav_leftback@3x.png
2021-04-15 10:59:53 +0000  copying file ./Payload/KATrackingAdDemo.app/KSAdSDK.bundle/icon_ksad_logo_bg.png ... 
2021-04-15 10:59:53 +0000  1029 bytes for ./Payload/KATrackingAdDemo.app/KSAdSDK.bundle/icon_ksad_logo_bg.png
copying file ./Payload/KATrackingAdDemo.app/KSAdSDK.bundle/icon_ksad_splash_mute_h@3x.png ... 
2021-04-15 10:59:53 +0000  4446 bytes for ./Payload/KATrackingAdDemo.app/KSAdSDK.bundle/icon_ksad_splash_mute_h@3x.png
2021-04-15 10:59:53 +0000  copying file ./Payload/KATrackingAdDemo.app/KSAdSDK.bundle/icon_ksad_splash_mute_h@2x.png ... 
2021-04-15 10:59:53 +0000  2141 bytes for ./Payload/KATrackingAdDemo.app/KSAdSDK.bundle/icon_ksad_splash_mute_h@2x.png
2021-04-15 10:59:53 +0000  copying file ./Payload/KATrackingAdDemo.app/KSAdSDK.bundle/icon_ksad_nav_leftback@2x.png ... 
2021-04-15 10:59:53 +0000  157 bytes for ./Payload/KATrackingAdDemo.app/KSAdSDK.bundle/icon_ksad_nav_leftback@2x.png
copying file ./Payload/KATrackingAdDemo.app/KSAdSDK.bundle/icon_ksad_H5_nav_back_highlight@2x.png ... 
2021-04-15 10:59:53 +0000  148 bytes for ./Payload/KATrackingAdDemo.app/KSAdSDK.bundle/icon_ksad_H5_nav_back_highlight@2x.png
2021-04-15 10:59:53 +0000  copying file ./Payload/KATrackingAdDemo.app/KSAdSDK.bundle/icon_ksad_back@2x.png ... 
2021-04-15 10:59:53 +0000  168 bytes for ./Payload/KATrackingAdDemo.app/KSAdSDK.bundle/icon_ksad_back@2x.png
copying file ./Payload/KATrackingAdDemo.app/KSAdSDK.bundle/icon_ad_skip@2x.png ... 
2021-04-15 10:59:53 +0000  2056 bytes for ./Payload/KATrackingAdDemo.app/KSAdSDK.bundle/icon_ad_skip@2x.png
2021-04-15 10:59:53 +0000  copying file ./Payload/KATrackingAdDemo.app/KSAdSDK.bundle/icon_ksad_play_big@2x.png ... 
2021-04-15 10:59:53 +0000  1582 bytes for ./Payload/KATrackingAdDemo.app/KSAdSDK.bundle/icon_ksad_play_big@2x.png
2021-04-15 10:59:53 +0000  copying file ./Payload/KATrackingAdDemo.app/KSAdSDK.bundle/icon_ksad_IncentiveVideo_playEndGift@3x.png ... 
2021-04-15 10:59:53 +0000  2171 bytes for ./Payload/KATrackingAdDemo.app/KSAdSDK.bundle/icon_ksad_IncentiveVideo_playEndGift@3x.png
2021-04-15 10:59:53 +0000  copying file ./Payload/KATrackingAdDemo.app/KSAdSDK.bundle/Info.plist ... 
2021-04-15 10:59:53 +0000  712 bytes for ./Payload/KATrackingAdDemo.app/KSAdSDK.bundle/Info.plist
copying file ./Payload/KATrackingAdDemo.app/KSAdSDK.bundle/icon_ksad_play@3x.png ... 
2021-04-15 10:59:53 +0000  1856 bytes for ./Payload/KATrackingAdDemo.app/KSAdSDK.bundle/icon_ksad_play@3x.png
2021-04-15 10:59:53 +0000  copying file ./Payload/KATrackingAdDemo.app/KSAdSDK.bundle/icon_ksad_leftImage_logo@3x.png ... 
2021-04-15 10:59:53 +0000  3455 bytes for ./Payload/KATrackingAdDemo.app/KSAdSDK.bundle/icon_ksad_leftImage_logo@3x.png
2021-04-15 10:59:53 +0000  copying file ./Payload/KATrackingAdDemo.app/KSAdSDK.bundle/icon_ksad_dislike_black@2x.png ... 
2021-04-15 10:59:53 +0000  386 bytes for ./Payload/KATrackingAdDemo.app/KSAdSDK.bundle/icon_ksad_dislike_black@2x.png
2021-04-15 10:59:53 +0000  copying file ./Payload/KATrackingAdDemo.app/KSAdSDK.bundle/icon_ad_gift@3x.png ... 
2021-04-15 10:59:53 +0000  4174 bytes for ./Payload/KATrackingAdDemo.app/KSAdSDK.bundle/icon_ad_gift@3x.png
2021-04-15 10:59:53 +0000  copying file ./Payload/KATrackingAdDemo.app/Base.lproj/LaunchScreen.storyboardc/01J-lp-oVM-view-Ze5-6b-2t3.nib ... 
2021-04-15 10:59:53 +0000  1834 bytes for ./Payload/KATrackingAdDemo.app/Base.lproj/LaunchScreen.storyboardc/01J-lp-oVM-view-Ze5-6b-2t3.nib
2021-04-15 10:59:53 +0000  copying file ./Payload/KATrackingAdDemo.app/Base.lproj/LaunchScreen.storyboardc/UIViewController-01J-lp-oVM.nib ... 
2021-04-15 10:59:53 +0000  896 bytes for ./Payload/KATrackingAdDemo.app/Base.lproj/LaunchScreen.storyboardc/UIViewController-01J-lp-oVM.nib
copying file ./Payload/KATrackingAdDemo.app/Base.lproj/LaunchScreen.storyboardc/Info.plist ... 
2021-04-15 10:59:53 +0000  258 bytes for ./Payload/KATrackingAdDemo.app/Base.lproj/LaunchScreen.storyboardc/Info.plist
2021-04-15 10:59:53 +0000  copying file ./Payload/KATrackingAdDemo.app/KATrackingAdDemo ... 
2021-04-15 10:59:53 +0000  11708928 bytes for ./Payload/KATrackingAdDemo.app/KATrackingAdDemo
2021-04-15 10:59:53 +0000  copying file ./Payload/KATrackingAdDemo.app/Main.storyboardc/UIViewController-BYZ-38-t0r.nib/objects-11.0+.nib ... 
955 bytes for ./Payload/KATrackingAdDemo.app/Main.storyboardc/UIViewController-BYZ-38-t0r.nib/objects-11.0+.nib
copying file ./Payload/KATrackingAdDemo.app/Main.storyboardc/UIViewController-BYZ-38-t0r.nib/runtime.nib ... 
955 bytes for ./Payload/KATrackingAdDemo.app/Main.storyboardc/UIViewController-BYZ-38-t0r.nib/runtime.nib
copying file ./Payload/KATrackingAdDemo.app/Main.storyboardc/BYZ-38-t0r-view-8bC-Xf-vdC.nib/objects-11.0+.nib ... 
2021-04-15 10:59:53 +0000  4029 bytes for ./Payload/KATrackingAdDemo.app/Main.storyboardc/BYZ-38-t0r-view-8bC-Xf-vdC.nib/objects-11.0+.nib
copying file ./Payload/KATrackingAdDemo.app/Main.storyboardc/BYZ-38-t0r-view-8bC-Xf-vdC.nib/runtime.nib ... 
2021-04-15 10:59:53 +0000  4267 bytes for ./Payload/KATrackingAdDemo.app/Main.storyboardc/BYZ-38-t0r-view-8bC-Xf-vdC.nib/runtime.nib
copying file ./Payload/KATrackingAdDemo.app/Main.storyboardc/Info.plist ... 
2021-04-15 10:59:53 +0000  258 bytes for ./Payload/KATrackingAdDemo.app/Main.storyboardc/Info.plist
copying file ./Payload/KATrackingAdDemo.app/logo.png ... 
2021-04-15 10:59:53 +0000  19083 bytes for ./Payload/KATrackingAdDemo.app/logo.png
copying file ./Payload/KATrackingAdDemo.app/AdCellView.nib ... 
2021-04-15 10:59:53 +0000  3530 bytes for ./Payload/KATrackingAdDemo.app/AdCellView.nib
2021-04-15 10:59:53 +0000  copying file ./Payload/KATrackingAdDemo.app/Button_AD_Close.png ... 
2021-04-15 10:59:53 +0000  5522 bytes for ./Payload/KATrackingAdDemo.app/Button_AD_Close.png
copying file ./Payload/KATrackingAdDemo.app/embedded.mobileprovision ... 
2021-04-15 10:59:53 +0000  54831 bytes for ./Payload/KATrackingAdDemo.app/embedded.mobileprovision
2021-04-15 10:59:53 +0000  copying file ./Payload/KATrackingAdDemo.app/Info.plist ... 
1504 bytes for ./Payload/KATrackingAdDemo.app/Info.plist
copying file ./Payload/KATrackingAdDemo.app/PkgInfo ... 
2021-04-15 10:59:53 +0000  8 bytes for ./Payload/KATrackingAdDemo.app/PkgInfo
2021-04-15 10:59:53 +0000 [MT] /usr/bin/ditto exited with 0
2021-04-15 10:59:53 +0000 [MT] Processing step: IDEDistributionAppStoreInformationStep
2021-04-15 10:59:53 +0000 [MT] Skipping step: IDEDistributionAppStoreInformationStep because it said so
2021-04-15 10:59:53 +0000 [MT] Processing step: IDEDistributionGenerateProcessedDistributionItems
2021-04-15 10:59:53 +0000 [MT] IDEDistributionItem init <DVTFilePath:0x7fa939e8ea00:'/var/folders/xw/sp8hm9492kj1gn88ddj3tlym0000gn/T/XcodeDistPipeline.~~~pPPbnF/Root/Payload/KATrackingAdDemo.app'>
2021-04-15 10:59:53 +0000 [MT] Processing step: IDEDistributionCreateManifestStep
